<?xml version="1.0" encoding="UTF-8"?>
<!-- Generated by org.testng.reporters.JUnitXMLReporter -->
<testsuite ignored="0" hostname="DESKTOP-990HG4S" failures="0" tests="2" name="Surefire test" time="14.428" errors="0" timestamp="2019-09-03T23:43:18 PDT">
  <testcase classname="com.herokuapp.theinternet.NegativeTests" name="IncorectLoginTest" time="7.167"/>
  <testcase classname="com.herokuapp.theinternet.NegativeTests" name="IncorectPAsswLoginTest" time="7.221"/>
</testsuite> <!-- Surefire test -->
