<?xml version="1.0" encoding="UTF-8"?>
<testng-results ignored="0" total="2" passed="2" failed="0" skipped="0">
  <reporter-output>
  </reporter-output>
  <suite started-at="2019-09-03T23:43:03 PDT" name="Surefire suite" finished-at="2019-09-03T23:43:18 PDT" duration-ms="14428">
    <groups>
    </groups>
    <test started-at="2019-09-03T23:43:03 PDT" name="Surefire test" finished-at="2019-09-03T23:43:18 PDT" duration-ms="14428">
      <class name="com.herokuapp.theinternet.NegativeTests">
        <test-method signature="IncorectLoginTest()[pri:0, instance:com.herokuapp.theinternet.NegativeTests@32eff876]" started-at="2019-09-03T23:43:03 PDT" name="IncorectLoginTest" finished-at="2019-09-03T23:43:11 PDT" duration-ms="7167" status="PASS">
          <reporter-output>
          </reporter-output>
        </test-method> <!-- IncorectLoginTest -->
        <test-method signature="IncorectPAsswLoginTest()[pri:0, instance:com.herokuapp.theinternet.NegativeTests@32eff876]" started-at="2019-09-03T23:43:11 PDT" name="IncorectPAsswLoginTest" finished-at="2019-09-03T23:43:18 PDT" duration-ms="7221" status="PASS">
          <reporter-output>
          </reporter-output>
        </test-method> <!-- IncorectPAsswLoginTest -->
      </class> <!-- com.herokuapp.theinternet.NegativeTests -->
    </test> <!-- Surefire test -->
  </suite> <!-- Surefire suite -->
</testng-results>
