<?xml version="1.0" encoding="UTF-8"?>
<!-- Generated by org.testng.reporters.JUnitXMLReporter -->
<testsuite ignored="1" hostname="DESKTOP-990HG4S" failures="0" tests="1" name="IncorectLoginTest" time="11.851" errors="0" timestamp="2019-09-10T21:59:23 PDT">
  <testcase classname="com.herokuapp.theinternet.LoginTests" name="IncorectLoginTest" time="0.0">
    <skipped/>
  </testcase> <!-- IncorectLoginTest -->
  <testcase classname="com.herokuapp.theinternet.LoginTests" name="PositiveTests" time="0.0">
    <ignored/>
  </testcase> <!-- PositiveTests -->
</testsuite> <!-- IncorectLoginTest -->
