<?xml version="1.0" encoding="UTF-8"?>
<!-- Generated by org.testng.reporters.JUnitXMLReporter -->
<testsuite ignored="1" hostname="DESKTOP-990HG4S" failures="0" tests="1" name="NegativeTests" time="6.876" errors="0" timestamp="2019-09-04T23:33:33 PDT">
  <testcase classname="com.herokuapp.theinternet.NegativeTests" name="IncorectLoginTest" time="6.82"/>
  <testcase classname="com.herokuapp.theinternet.NegativeTests" name="IncorectPAsswLoginTest" time="0.0">
    <ignored/>
  </testcase> <!-- IncorectPAsswLoginTest -->
</testsuite> <!-- NegativeTests -->
